<?xml version="1.0" encoding="UTF-8"?>
<!-- Generated by org.testng.reporters.JUnitReportReporter -->
<testsuite hostname="DESKTOP-N3TQJIK" failures="0" tests="1" name="Tests.WEBLOADTEST" time="0.846" errors="0" timestamp="2019-12-28T13:45:14 CST" skipped="0">
  <testcase classname="Tests.WEBLOADTEST" name="init" time="0.846"/>
  <system-out/>
</testsuite> <!-- Tests.WEBLOADTEST -->
